Case #1: 1 3 2 4 5 6 7 9 10 8 11 12 13 14 15 16 17 19 20 18
Case #2: IMPOSSIBLE
Case #3: 1 2 3 4 5
Case #4: 1 2 3 4 5
Case #5: 2 1
Case #6: 1 2 3 4 5 6 8 9 7 11 10 12 13 14 15
Case #7: IMPOSSIBLE
Case #8: IMPOSSIBLE
Case #9: 1 2 3 4 5 6 7 8 10 9
Case #10: 1 2 3
Case #11: 20 19 7 6 5 4 3 2 1 9 8 16 15 14 13 12 11 10 18 17
Case #12: 1 4 2 3 6 8 5 9 10 7
Case #13: 1 2 7 8 9 10 11 12 13 14 15 16 3 17 4 18 5 19 6
Case #14: 1
Case #15: IMPOSSIBLE
Case #16: IMPOSSIBLE
Case #17: 2 1 4 3
Case #18: 7 11 10 8 3 9 12 13 14 15 16 17 6 18 2 19 4 5 1 20
Case #19: 6 3 10 1 2 12 4 5 7 8 9 13 14 15 16 11 17 18 19 20
Case #20: 1 5 6 7 10 4 11 12 13 3 14 15 9 16 17 8 18 19 2 20
Case #21: 1 2 4 5 6 3 7 8 9
Case #22: 1
Case #23: IMPOSSIBLE
Case #24: IMPOSSIBLE
Case #25: IMPOSSIBLE
