Case #1: 1 2 3 4 5 6 7 8 9
Case #2: 1
Case #3: IMPOSSIBLE
Case #4: IMPOSSIBLE
Case #5: 1 2 7 8 9 10 11 12 13 14 15 16 3 17 4 18 5 19 6
Case #6: 1
Case #7: 1 2 3
Case #8: IMPOSSIBLE
Case #9: 20 19 18 17 16 15 14 13 12 11 10 9 8 4 3 2 1 5 7 6
Case #10: 2 7 6 3 4 1 8 10 11 5 12 14 9 15 13
Case #11: 1 2 3 4 5 6 7 8 9 10 11 12 13 14 15
Case #12: IMPOSSIBLE
Case #13: 2 1 4 3
Case #14: 1 5 7 8 9 10 11 3 12 6 13 15 16 14 17 18 4 19 2 20
Case #15: 1 3 10 8 2 11 4 12 13 15 5 6 7 17 14 16 18 19 20 9
Case #16: 9 1 3 5 10 6 12 8 14 2 15 16 17 19 18 20 7 13 11 4
Case #17: 4 2 5 9 1 6 10 3 7 8 11 12 13 14 15 16 17 18 19 20
Case #18: 1 2 3 4 5
Case #19: 1 2 3 5 4
Case #20: 1 2 3 4 5 6 7 8 9 10
Case #21: IMPOSSIBLE
Case #22: 2 1
Case #23: 1 2 5 3 4 6 7 8 9 10 11 12 13 14 15 16 17 18 19 20
Case #24: 1 2 3 4 5 6 7 8 10 9
Case #25: IMPOSSIBLE
